1    8.8e-05
2    0.18195633    0.33570744    0.426795 5    0.180236 6    0.231177    0.421489
8    690.573608
9    0.564415
10    0.816011
11    0.687359
12    0.714736
113    0.7563
14    0.559083
15    0.553207
16    0.420396
117    0.495656118    0.44348619    0.546828
20    0.481785
221    0.49953
22    0.4662292223    0.22935224    0.598103225    0.216121226    0.46114
27    0.395453
28    0.532993
229    0.507964330    2.512962331    0.818078332    0.883771333    0.802063334    0.647143335    0.7491236    0.824532
3737    0.931283838    0.777173939    0.674344040    0.868844141    0.591944242    0.752644343    0.693444444    0.615454445    0.662464446    0.5147  447    0.4048  448    0.449  4949    0.450  5050    0.51   5151    0.52  52 52    0.53  53 53    0.400281
03834
27091
