1    5169
2    5168
3    5165
4    5164
5    5165
6    5164
7    5164
8    5165
9    5162
10    5163
11    5163
12    5162
13    5163
14    5163
15    5164
16    5164
17    5166
18    5167
19    5166
20    5166
21    5166
22    5167
23    5168
24    5167
25    5168
26    5167
27    5167
28    5167
29    5167
30    5148
31    5164
32    5160
33    5160
34    5162
35    5162
36    5160
37    5160
38    5161
39    5161
40    5160
41    5162
42    5162
43    5162
44    5163
45    5163
46    5165
47    5165
48    5166
49    5166
50    5166
51    5165
52    5166
53    5167
54    5169
