1    3
2    10.5
3    10.4
4    11.33333333
5    10.6
6    10.83333333
7    12
8    14.2
9    13
10    14.14285714
11    12.42857143
12    13.5
13    14.42857143
14    12.14285714
15    15.83333333
16    13.33333333
17    17.25
18    20.66666667
19    17
20    17.25
21    17.25
22    21
23    21
24    21
25    21
26    20.66666667
27    21
28    20.66666667
29    21
30    14.77272727
31    18.5
32    13.5
33    14.8
34    17
35    18.75
36    16.1
37    17.5
38    17.22222222
39    17.22222222
40    16.1
41    18.625
42    18.625
43    18.625
44    20.28571429
45    18.42857143
46    20.6
47    20.6
48    20.5
49    20.5
50    20.75
51    17.4
52    20.5
53    21
54    20
